[ 2016-05-20T09:01:29+08:00 ] 127.0.0.1 /deshang/trunk/themes/simplebootx/Public/js/case.js
ERR: 无法加载控制器:Themes

[ 2016-05-20T09:01:29+08:00 ] 127.0.0.1 /deshang/trunk/themes/simplebootx/Public/js/case.js
ERR: 无法加载控制器:Themes

[ 2016-05-20T09:20:33+08:00 ] 127.0.0.1 /deshang/trunk/index.php?g=&m=page&a=investment_list&page=1
INFO: [ app_begin ] --START--
INFO: Run Behavior\ReadHtmlCacheBehavior [ RunTime:0.002000s ]
INFO: Run Behavior\CheckLangBehavior [ RunTime:0.003000s ]
INFO: [ app_begin ] --END-- [ RunTime:0.005000s ]
NOTIC: D方法实例化没找到模型类Portal\Model\PostsModel
SQL: SHOW COLUMNS FROM `dh_posts` [ RunTime:0.0260s ]
SQL: SHOW COLUMNS FROM `dh_terms` [ RunTime:0.0210s ]
SQL: SHOW COLUMNS FROM `dh_term_relationships` [ RunTime:0.0190s ]
SQL: SELECT COUNT(*) AS tp_count FROM dh_term_relationships a INNER JOIN dh_posts b ON a.object_id = b.id  WHERE ( a.term_id = 3 and a.status=1 ) LIMIT 1   [ RunTime:0.0010s ]
SQL: SELECT * FROM dh_term_relationships a INNER JOIN dh_posts b ON a.object_id = b.id  WHERE ( a.term_id = 3 and a.status=1 ) ORDER BY a.listorder ASC,b.post_modified DESC LIMIT 0,10   [ RunTime:0.0190s ]

[ 2016-05-20T10:55:05+08:00 ] 127.0.0.1 /deshang/trunk/i
ERR: 无法加载控制器:I

[ 2016-05-20T10:56:37+08:00 ] 127.0.0.1 /deshang/trunk/index.php?g=&m=page&a=investment_list&page=1
INFO: [ app_begin ] --START--
INFO: Run Behavior\ReadHtmlCacheBehavior [ RunTime:0.001500s ]
INFO: Run Behavior\CheckLangBehavior [ RunTime:0.003001s ]
INFO: [ app_begin ] --END-- [ RunTime:0.005001s ]
NOTIC: D方法实例化没找到模型类Portal\Model\PostsModel
SQL: SHOW COLUMNS FROM `dh_posts` [ RunTime:0.0200s ]
SQL: SHOW COLUMNS FROM `dh_terms` [ RunTime:0.0190s ]
SQL: SHOW COLUMNS FROM `dh_term_relationships` [ RunTime:0.0200s ]
SQL: SELECT COUNT(*) AS tp_count FROM dh_term_relationships a INNER JOIN dh_posts b ON a.object_id = b.id  WHERE ( a.term_id = 3 and a.status=1 ) LIMIT 1   [ RunTime:0.0010s ]
SQL: SELECT * FROM dh_term_relationships a INNER JOIN dh_posts b ON a.object_id = b.id  WHERE ( a.term_id = 3 and a.status=1 ) ORDER BY a.listorder ASC,b.post_modified DESC LIMIT 0,10   [ RunTime:0.0210s ]

[ 2016-05-20T11:20:27+08:00 ] 127.0.0.1 /deshang/trunk/index.php?g=&m=page&a=investment_list&page=1
INFO: [ app_begin ] --START--
INFO: Run Behavior\ReadHtmlCacheBehavior [ RunTime:0.001000s ]
INFO: Run Behavior\CheckLangBehavior [ RunTime:0.002001s ]
INFO: [ app_begin ] --END-- [ RunTime:0.006001s ]
NOTIC: D方法实例化没找到模型类Portal\Model\PostsModel
SQL: SHOW COLUMNS FROM `dh_posts` [ RunTime:0.0360s ]
SQL: SHOW COLUMNS FROM `dh_terms` [ RunTime:0.0300s ]
SQL: SHOW COLUMNS FROM `dh_term_relationships` [ RunTime:0.0195s ]
SQL: SELECT COUNT(*) AS tp_count FROM dh_term_relationships a INNER JOIN dh_posts b ON a.object_id = b.id  WHERE ( a.term_id = 3 and a.status=1 ) LIMIT 1   [ RunTime:0.0005s ]
SQL: SELECT * FROM dh_term_relationships a INNER JOIN dh_posts b ON a.object_id = b.id  WHERE ( a.term_id = 3 and a.status=1 ) ORDER BY a.listorder ASC,b.post_modified DESC LIMIT 0,10   [ RunTime:0.0190s ]

[ 2016-05-20T11:20:30+08:00 ] 127.0.0.1 /deshang/trunk/index.php?g=&m=page&a=investment_list&page=1
INFO: [ app_begin ] --START--
INFO: Run Behavior\ReadHtmlCacheBehavior [ RunTime:0.001000s ]
INFO: Run Behavior\CheckLangBehavior [ RunTime:0.003000s ]
INFO: [ app_begin ] --END-- [ RunTime:0.005000s ]
NOTIC: D方法实例化没找到模型类Portal\Model\PostsModel
SQL: SHOW COLUMNS FROM `dh_posts` [ RunTime:0.0280s ]
SQL: SHOW COLUMNS FROM `dh_terms` [ RunTime:0.0215s ]
SQL: SHOW COLUMNS FROM `dh_term_relationships` [ RunTime:0.0345s ]
SQL: SELECT COUNT(*) AS tp_count FROM dh_term_relationships a INNER JOIN dh_posts b ON a.object_id = b.id  WHERE ( a.term_id = 3 and a.status=1 ) LIMIT 1   [ RunTime:0.0010s ]
SQL: SELECT * FROM dh_term_relationships a INNER JOIN dh_posts b ON a.object_id = b.id  WHERE ( a.term_id = 3 and a.status=1 ) ORDER BY a.listorder ASC,b.post_modified DESC LIMIT 0,10   [ RunTime:0.0250s ]

[ 2016-05-20T11:20:57+08:00 ] 127.0.0.1 /deshang/trunk/index.php?g=&m=page&a=investment_list&page=1
INFO: [ app_begin ] --START--
INFO: Run Behavior\ReadHtmlCacheBehavior [ RunTime:0.002000s ]
INFO: Run Behavior\CheckLangBehavior [ RunTime:0.003001s ]
INFO: [ app_begin ] --END-- [ RunTime:0.006001s ]
NOTIC: D方法实例化没找到模型类Portal\Model\PostsModel
SQL: SHOW COLUMNS FROM `dh_posts` [ RunTime:0.0185s ]
SQL: SHOW COLUMNS FROM `dh_terms` [ RunTime:0.0235s ]
SQL: SHOW COLUMNS FROM `dh_term_relationships` [ RunTime:0.0255s ]
SQL: SELECT COUNT(*) AS tp_count FROM dh_term_relationships a INNER JOIN dh_posts b ON a.object_id = b.id  WHERE ( a.term_id = 3 and a.status=1 ) LIMIT 1   [ RunTime:0.0030s ]
SQL: SELECT * FROM dh_term_relationships a INNER JOIN dh_posts b ON a.object_id = b.id  WHERE ( a.term_id = 3 and a.status=1 ) ORDER BY a.listorder ASC,b.post_modified DESC LIMIT 0,10   [ RunTime:0.0290s ]

[ 2016-05-20T11:22:15+08:00 ] 127.0.0.1 /deshang/trunk/index.php?g=&m=page&a=investment_list&page=1
INFO: [ app_begin ] --START--
INFO: Run Behavior\ReadHtmlCacheBehavior [ RunTime:0.002001s ]
INFO: Run Behavior\CheckLangBehavior [ RunTime:0.003000s ]
INFO: [ app_begin ] --END-- [ RunTime:0.006001s ]
NOTIC: D方法实例化没找到模型类Portal\Model\PostsModel
SQL: SHOW COLUMNS FROM `dh_posts` [ RunTime:0.0240s ]
SQL: SHOW COLUMNS FROM `dh_terms` [ RunTime:0.0235s ]
SQL: SHOW COLUMNS FROM `dh_term_relationships` [ RunTime:0.0280s ]
SQL: SELECT COUNT(*) AS tp_count FROM dh_term_relationships a INNER JOIN dh_posts b ON a.object_id = b.id  WHERE ( a.term_id = 3 and a.status=1 ) LIMIT 1   [ RunTime:0.0030s ]
SQL: SELECT * FROM dh_term_relationships a INNER JOIN dh_posts b ON a.object_id = b.id  WHERE ( a.term_id = 3 and a.status=1 ) ORDER BY a.listorder ASC,b.post_modified DESC LIMIT 0,10   [ RunTime:0.0355s ]

[ 2016-05-20T11:22:28+08:00 ] 127.0.0.1 /deshang/trunk/index.php?g=&m=page&a=investment_list&page=1
INFO: [ app_begin ] --START--
INFO: Run Behavior\ReadHtmlCacheBehavior [ RunTime:0.002000s ]
INFO: Run Behavior\CheckLangBehavior [ RunTime:0.002000s ]
INFO: [ app_begin ] --END-- [ RunTime:0.004000s ]
NOTIC: D方法实例化没找到模型类Portal\Model\PostsModel
SQL: SHOW COLUMNS FROM `dh_posts` [ RunTime:0.0280s ]
SQL: SHOW COLUMNS FROM `dh_terms` [ RunTime:0.0230s ]
SQL: SHOW COLUMNS FROM `dh_term_relationships` [ RunTime:0.0210s ]
SQL: SELECT COUNT(*) AS tp_count FROM dh_term_relationships a INNER JOIN dh_posts b ON a.object_id = b.id  WHERE ( a.term_id = 3 and a.status=1 ) LIMIT 1   [ RunTime:0.0015s ]
SQL: SELECT * FROM dh_term_relationships a INNER JOIN dh_posts b ON a.object_id = b.id  WHERE ( a.term_id = 3 and a.status=1 ) ORDER BY a.listorder ASC,b.post_modified DESC LIMIT 0,10   [ RunTime:0.0270s ]

[ 2016-05-20T11:22:54+08:00 ] 127.0.0.1 /deshang/trunk/index.php?g=&m=page&a=investment_list&page=1
INFO: [ app_begin ] --START--
INFO: Run Behavior\ReadHtmlCacheBehavior [ RunTime:0.002000s ]
INFO: Run Behavior\CheckLangBehavior [ RunTime:0.003000s ]
INFO: [ app_begin ] --END-- [ RunTime:0.006001s ]
NOTIC: D方法实例化没找到模型类Portal\Model\PostsModel
SQL: SHOW COLUMNS FROM `dh_posts` [ RunTime:0.0220s ]
SQL: SHOW COLUMNS FROM `dh_terms` [ RunTime:0.0230s ]
SQL: SHOW COLUMNS FROM `dh_term_relationships` [ RunTime:0.0265s ]
SQL: SELECT COUNT(*) AS tp_count FROM dh_term_relationships a INNER JOIN dh_posts b ON a.object_id = b.id  WHERE ( a.term_id = 3 and a.status=1 ) LIMIT 1   [ RunTime:0.0010s ]
SQL: SELECT * FROM dh_term_relationships a INNER JOIN dh_posts b ON a.object_id = b.id  WHERE ( a.term_id = 3 and a.status=1 ) ORDER BY a.listorder ASC,b.post_modified DESC LIMIT 0,10   [ RunTime:0.0210s ]

[ 2016-05-20T11:26:26+08:00 ] 127.0.0.1 /deshang/trunk/index.php?g=&m=page&a=investment_list&page=1
INFO: [ app_begin ] --START--
INFO: Run Behavior\ReadHtmlCacheBehavior [ RunTime:0.002000s ]
INFO: Run Behavior\CheckLangBehavior [ RunTime:0.003000s ]
INFO: [ app_begin ] --END-- [ RunTime:0.006000s ]
NOTIC: D方法实例化没找到模型类Portal\Model\PostsModel
SQL: SHOW COLUMNS FROM `dh_posts` [ RunTime:0.0220s ]
SQL: SHOW COLUMNS FROM `dh_terms` [ RunTime:0.0210s ]
SQL: SHOW COLUMNS FROM `dh_term_relationships` [ RunTime:0.0215s ]
SQL: SELECT COUNT(*) AS tp_count FROM dh_term_relationships a INNER JOIN dh_posts b ON a.object_id = b.id  WHERE ( a.term_id = 3 and a.status=1 ) LIMIT 1   [ RunTime:0.0040s ]
SQL: SELECT * FROM dh_term_relationships a INNER JOIN dh_posts b ON a.object_id = b.id  WHERE ( a.term_id = 3 and a.status=1 ) ORDER BY a.listorder ASC,b.post_modified DESC LIMIT 0,10   [ RunTime:0.0260s ]

[ 2016-05-20T11:27:42+08:00 ] 127.0.0.1 /deshang/trunk/index.php?g=&m=page&a=investment_list&page=1
INFO: [ app_begin ] --START--
INFO: Run Behavior\ReadHtmlCacheBehavior [ RunTime:0.002000s ]
INFO: Run Behavior\CheckLangBehavior [ RunTime:0.003000s ]
INFO: [ app_begin ] --END-- [ RunTime:0.006000s ]
NOTIC: D方法实例化没找到模型类Portal\Model\PostsModel
SQL: SHOW COLUMNS FROM `dh_posts` [ RunTime:0.0220s ]
SQL: SHOW COLUMNS FROM `dh_terms` [ RunTime:0.0240s ]
SQL: SHOW COLUMNS FROM `dh_term_relationships` [ RunTime:0.0320s ]
SQL: SELECT COUNT(*) AS tp_count FROM dh_term_relationships a INNER JOIN dh_posts b ON a.object_id = b.id  WHERE ( a.term_id = 3 and a.status=1 ) LIMIT 1   [ RunTime:0.0030s ]
SQL: SELECT * FROM dh_term_relationships a INNER JOIN dh_posts b ON a.object_id = b.id  WHERE ( a.term_id = 3 and a.status=1 ) ORDER BY a.listorder ASC,b.post_modified DESC LIMIT 0,10   [ RunTime:0.0235s ]

[ 2016-05-20T11:42:34+08:00 ] 127.0.0.1 /deshang/trunk/index.php?g=&m=page&a=investment_list&page=1
INFO: [ app_begin ] --START--
INFO: Run Behavior\ReadHtmlCacheBehavior [ RunTime:0.001500s ]
INFO: Run Behavior\CheckLangBehavior [ RunTime:0.003500s ]
INFO: [ app_begin ] --END-- [ RunTime:0.005500s ]
NOTIC: D方法实例化没找到模型类Portal\Model\PostsModel
SQL: SHOW COLUMNS FROM `dh_posts` [ RunTime:0.0220s ]
SQL: SHOW COLUMNS FROM `dh_terms` [ RunTime:0.0275s ]
SQL: SHOW COLUMNS FROM `dh_term_relationships` [ RunTime:0.0265s ]
SQL: SELECT COUNT(*) AS tp_count FROM dh_term_relationships a INNER JOIN dh_posts b ON a.object_id = b.id  WHERE ( a.term_id = 3 and a.status=1 ) LIMIT 1   [ RunTime:0.0030s ]
SQL: SELECT * FROM dh_term_relationships a INNER JOIN dh_posts b ON a.object_id = b.id  WHERE ( a.term_id = 3 and a.status=1 ) ORDER BY a.listorder ASC,b.post_modified DESC LIMIT 0,10   [ RunTime:0.0270s ]

[ 2016-05-20T11:49:16+08:00 ] 127.0.0.1 /deshang/trunk/index.php?g=&m=page&a=investment_list&page=1
INFO: [ app_begin ] --START--
INFO: Run Behavior\ReadHtmlCacheBehavior [ RunTime:0.001000s ]
INFO: Run Behavior\CheckLangBehavior [ RunTime:0.002000s ]
INFO: [ app_begin ] --END-- [ RunTime:0.004000s ]
NOTIC: D方法实例化没找到模型类Portal\Model\PostsModel
SQL: SHOW COLUMNS FROM `dh_posts` [ RunTime:0.0290s ]
SQL: SHOW COLUMNS FROM `dh_terms` [ RunTime:0.0290s ]
SQL: SHOW COLUMNS FROM `dh_term_relationships` [ RunTime:0.0240s ]
SQL: SELECT COUNT(*) AS tp_count FROM dh_term_relationships a INNER JOIN dh_posts b ON a.object_id = b.id  WHERE ( a.term_id = 3 and a.status=1 ) LIMIT 1   [ RunTime:0.0020s ]
SQL: SELECT * FROM dh_term_relationships a INNER JOIN dh_posts b ON a.object_id = b.id  WHERE ( a.term_id = 3 and a.status=1 ) ORDER BY a.listorder ASC,b.post_modified DESC LIMIT 0,10   [ RunTime:0.0220s ]

[ 2016-05-20T11:54:31+08:00 ] 127.0.0.1 /deshang/trunk/index.php?g=&m=page&a=investment_list&page=1
INFO: [ app_begin ] --START--
INFO: Run Behavior\ReadHtmlCacheBehavior [ RunTime:0.002000s ]
INFO: Run Behavior\CheckLangBehavior [ RunTime:0.003000s ]
INFO: [ app_begin ] --END-- [ RunTime:0.005000s ]
NOTIC: D方法实例化没找到模型类Portal\Model\PostsModel
SQL: SHOW COLUMNS FROM `dh_posts` [ RunTime:0.0210s ]
SQL: SHOW COLUMNS FROM `dh_terms` [ RunTime:0.0210s ]
SQL: SHOW COLUMNS FROM `dh_term_relationships` [ RunTime:0.0260s ]
SQL: SELECT COUNT(*) AS tp_count FROM dh_term_relationships a INNER JOIN dh_posts b ON a.object_id = b.id  WHERE ( a.term_id = 3 and a.status=1 ) LIMIT 1   [ RunTime:0.0020s ]
SQL: SELECT * FROM dh_term_relationships a INNER JOIN dh_posts b ON a.object_id = b.id  WHERE ( a.term_id = 3 and a.status=1 ) ORDER BY a.listorder ASC,b.post_modified DESC LIMIT 0,10   [ RunTime:0.0270s ]

[ 2016-05-20T11:55:08+08:00 ] 127.0.0.1 /deshang/trunk/index.php?g=&m=page&a=investment_list&page=1
INFO: [ app_begin ] --START--
INFO: Run Behavior\ReadHtmlCacheBehavior [ RunTime:0.001000s ]
INFO: Run Behavior\CheckLangBehavior [ RunTime:0.006001s ]
INFO: [ app_begin ] --END-- [ RunTime:0.008001s ]
NOTIC: D方法实例化没找到模型类Portal\Model\PostsModel
SQL: SHOW COLUMNS FROM `dh_posts` [ RunTime:0.0205s ]
SQL: SHOW COLUMNS FROM `dh_terms` [ RunTime:0.0205s ]
SQL: SHOW COLUMNS FROM `dh_term_relationships` [ RunTime:0.0215s ]
SQL: SELECT COUNT(*) AS tp_count FROM dh_term_relationships a INNER JOIN dh_posts b ON a.object_id = b.id  WHERE ( a.term_id = 3 and a.status=1 ) LIMIT 1   [ RunTime:0.0015s ]
SQL: SELECT * FROM dh_term_relationships a INNER JOIN dh_posts b ON a.object_id = b.id  WHERE ( a.term_id = 3 and a.status=1 ) ORDER BY a.listorder ASC,b.post_modified DESC LIMIT 0,10   [ RunTime:0.0305s ]

[ 2016-05-20T11:56:06+08:00 ] 127.0.0.1 /deshang/trunk/index.php?g=&m=page&a=investment_list&page=1
INFO: [ app_begin ] --START--
INFO: Run Behavior\ReadHtmlCacheBehavior [ RunTime:0.002000s ]
INFO: Run Behavior\CheckLangBehavior [ RunTime:0.003000s ]
INFO: [ app_begin ] --END-- [ RunTime:0.006000s ]
NOTIC: D方法实例化没找到模型类Portal\Model\PostsModel
SQL: SHOW COLUMNS FROM `dh_posts` [ RunTime:0.0200s ]
SQL: SHOW COLUMNS FROM `dh_terms` [ RunTime:0.0240s ]
SQL: SHOW COLUMNS FROM `dh_term_relationships` [ RunTime:0.0260s ]
SQL: SELECT COUNT(*) AS tp_count FROM dh_term_relationships a INNER JOIN dh_posts b ON a.object_id = b.id  WHERE ( a.term_id = 3 and a.status=1 ) LIMIT 1   [ RunTime:0.0020s ]
SQL: SELECT * FROM dh_term_relationships a INNER JOIN dh_posts b ON a.object_id = b.id  WHERE ( a.term_id = 3 and a.status=1 ) ORDER BY a.listorder ASC,b.post_modified DESC LIMIT 0,10   [ RunTime:0.0260s ]

[ 2016-05-20T11:56:15+08:00 ] 127.0.0.1 /deshang/trunk/index.php?g=&m=page&a=investment_list&page=1
INFO: [ app_begin ] --START--
INFO: Run Behavior\ReadHtmlCacheBehavior [ RunTime:0.001000s ]
INFO: Run Behavior\CheckLangBehavior [ RunTime:0.002000s ]
INFO: [ app_begin ] --END-- [ RunTime:0.003000s ]
NOTIC: D方法实例化没找到模型类Portal\Model\PostsModel
SQL: SHOW COLUMNS FROM `dh_posts` [ RunTime:0.0200s ]
SQL: SHOW COLUMNS FROM `dh_terms` [ RunTime:0.0190s ]
SQL: SHOW COLUMNS FROM `dh_term_relationships` [ RunTime:0.0170s ]
SQL: SELECT COUNT(*) AS tp_count FROM dh_term_relationships a INNER JOIN dh_posts b ON a.object_id = b.id  WHERE ( a.term_id = 3 and a.status=1 ) LIMIT 1   [ RunTime:0.0010s ]
SQL: SELECT * FROM dh_term_relationships a INNER JOIN dh_posts b ON a.object_id = b.id  WHERE ( a.term_id = 3 and a.status=1 ) ORDER BY a.listorder ASC,b.post_modified DESC LIMIT 0,10   [ RunTime:0.0190s ]

[ 2016-05-20T11:56:18+08:00 ] 127.0.0.1 /deshang/trunk/index.php?g=&m=page&a=investment_list&page=1
INFO: [ app_begin ] --START--
INFO: Run Behavior\ReadHtmlCacheBehavior [ RunTime:0.001500s ]
INFO: Run Behavior\CheckLangBehavior [ RunTime:0.002500s ]
INFO: [ app_begin ] --END-- [ RunTime:0.005501s ]
NOTIC: D方法实例化没找到模型类Portal\Model\PostsModel
SQL: SHOW COLUMNS FROM `dh_posts` [ RunTime:0.0285s ]
SQL: SHOW COLUMNS FROM `dh_terms` [ RunTime:0.0280s ]
SQL: SHOW COLUMNS FROM `dh_term_relationships` [ RunTime:0.0300s ]
SQL: SELECT COUNT(*) AS tp_count FROM dh_term_relationships a INNER JOIN dh_posts b ON a.object_id = b.id  WHERE ( a.term_id = 3 and a.status=1 ) LIMIT 1   [ RunTime:0.0020s ]
SQL: SELECT * FROM dh_term_relationships a INNER JOIN dh_posts b ON a.object_id = b.id  WHERE ( a.term_id = 3 and a.status=1 ) ORDER BY a.listorder ASC,b.post_modified DESC LIMIT 0,10   [ RunTime:0.0250s ]

[ 2016-05-20T12:00:03+08:00 ] 127.0.0.1 /deshang/trunk/index.php?g=&m=page&a=investment_list&page=1
INFO: [ app_begin ] --START--
INFO: Run Behavior\ReadHtmlCacheBehavior [ RunTime:0.001000s ]
INFO: Run Behavior\CheckLangBehavior [ RunTime:0.002000s ]
INFO: [ app_begin ] --END-- [ RunTime:0.004000s ]
NOTIC: D方法实例化没找到模型类Portal\Model\PostsModel
SQL: SHOW COLUMNS FROM `dh_posts` [ RunTime:0.0220s ]
SQL: SHOW COLUMNS FROM `dh_terms` [ RunTime:0.0245s ]
SQL: SHOW COLUMNS FROM `dh_term_relationships` [ RunTime:0.0265s ]
SQL: SELECT COUNT(*) AS tp_count FROM dh_term_relationships a INNER JOIN dh_posts b ON a.object_id = b.id  WHERE ( a.term_id = 3 and a.status=1 ) LIMIT 1   [ RunTime:0.0030s ]
SQL: SELECT * FROM dh_term_relationships a INNER JOIN dh_posts b ON a.object_id = b.id  WHERE ( a.term_id = 3 and a.status=1 ) ORDER BY a.listorder ASC,b.post_modified DESC LIMIT 0,10   [ RunTime:0.0245s ]

[ 2016-05-20T12:00:06+08:00 ] 127.0.0.1 /deshang/trunk/index.php?g=&m=page&a=investment_list&page=1
INFO: [ app_begin ] --START--
INFO: Run Behavior\ReadHtmlCacheBehavior [ RunTime:0.001000s ]
INFO: Run Behavior\CheckLangBehavior [ RunTime:0.002000s ]
INFO: [ app_begin ] --END-- [ RunTime:0.004000s ]
NOTIC: D方法实例化没找到模型类Portal\Model\PostsModel
SQL: SHOW COLUMNS FROM `dh_posts` [ RunTime:0.0220s ]
SQL: SHOW COLUMNS FROM `dh_terms` [ RunTime:0.0220s ]
SQL: SHOW COLUMNS FROM `dh_term_relationships` [ RunTime:0.0210s ]
SQL: SELECT COUNT(*) AS tp_count FROM dh_term_relationships a INNER JOIN dh_posts b ON a.object_id = b.id  WHERE ( a.term_id = 3 and a.status=1 ) LIMIT 1   [ RunTime:0.0010s ]
SQL: SELECT * FROM dh_term_relationships a INNER JOIN dh_posts b ON a.object_id = b.id  WHERE ( a.term_id = 3 and a.status=1 ) ORDER BY a.listorder ASC,b.post_modified DESC LIMIT 0,10   [ RunTime:0.0210s ]

[ 2016-05-20T12:01:08+08:00 ] 127.0.0.1 /deshang/trunk/index.php?g=&m=page&a=investment_list&page=1
INFO: [ app_begin ] --START--
INFO: Run Behavior\ReadHtmlCacheBehavior [ RunTime:0.002000s ]
INFO: Run Behavior\CheckLangBehavior [ RunTime:0.003000s ]
INFO: [ app_begin ] --END-- [ RunTime:0.006001s ]
NOTIC: D方法实例化没找到模型类Portal\Model\PostsModel
SQL: SHOW COLUMNS FROM `dh_posts` [ RunTime:0.0200s ]
SQL: SHOW COLUMNS FROM `dh_terms` [ RunTime:0.0200s ]
SQL: SHOW COLUMNS FROM `dh_term_relationships` [ RunTime:0.0260s ]
SQL: SELECT COUNT(*) AS tp_count FROM dh_term_relationships a INNER JOIN dh_posts b ON a.object_id = b.id  WHERE ( a.term_id = 3 and a.status=1 ) LIMIT 1   [ RunTime:0.0020s ]
SQL: SELECT * FROM dh_term_relationships a INNER JOIN dh_posts b ON a.object_id = b.id  WHERE ( a.term_id = 3 and a.status=1 ) ORDER BY a.listorder ASC,b.post_modified DESC LIMIT 0,10   [ RunTime:0.0265s ]

[ 2016-05-20T12:01:10+08:00 ] 127.0.0.1 /deshang/trunk/index.php?g=&m=page&a=investment_list&page=2
INFO: [ app_begin ] --START--
INFO: Run Behavior\ReadHtmlCacheBehavior [ RunTime:0.001000s ]
INFO: Run Behavior\CheckLangBehavior [ RunTime:0.003000s ]
INFO: [ app_begin ] --END-- [ RunTime:0.004000s ]
NOTIC: D方法实例化没找到模型类Portal\Model\PostsModel
SQL: SHOW COLUMNS FROM `dh_posts` [ RunTime:0.0260s ]
SQL: SHOW COLUMNS FROM `dh_terms` [ RunTime:0.0240s ]
SQL: SHOW COLUMNS FROM `dh_term_relationships` [ RunTime:0.0240s ]
SQL: SELECT COUNT(*) AS tp_count FROM dh_term_relationships a INNER JOIN dh_posts b ON a.object_id = b.id  WHERE ( a.term_id = 3 and a.status=1 ) LIMIT 1   [ RunTime:0.0000s ]
SQL: SELECT * FROM dh_term_relationships a INNER JOIN dh_posts b ON a.object_id = b.id  WHERE ( a.term_id = 3 and a.status=1 ) ORDER BY a.listorder ASC,b.post_modified DESC LIMIT 0,10   [ RunTime:0.0260s ]

[ 2016-05-20T12:01:28+08:00 ] 127.0.0.1 /deshang/trunk/index.php?g=&m=page&a=investment_list&page=3
INFO: [ app_begin ] --START--
INFO: Run Behavior\ReadHtmlCacheBehavior [ RunTime:0.001500s ]
INFO: Run Behavior\CheckLangBehavior [ RunTime:0.003000s ]
INFO: [ app_begin ] --END-- [ RunTime:0.005000s ]
NOTIC: D方法实例化没找到模型类Portal\Model\PostsModel
SQL: SHOW COLUMNS FROM `dh_posts` [ RunTime:0.0220s ]
SQL: SHOW COLUMNS FROM `dh_terms` [ RunTime:0.0170s ]
SQL: SHOW COLUMNS FROM `dh_term_relationships` [ RunTime:0.0210s ]
SQL: SELECT COUNT(*) AS tp_count FROM dh_term_relationships a INNER JOIN dh_posts b ON a.object_id = b.id  WHERE ( a.term_id = 3 and a.status=1 ) LIMIT 1   [ RunTime:0.0020s ]
SQL: SELECT * FROM dh_term_relationships a INNER JOIN dh_posts b ON a.object_id = b.id  WHERE ( a.term_id = 3 and a.status=1 ) ORDER BY a.listorder ASC,b.post_modified DESC LIMIT 0,10   [ RunTime:0.0270s ]

[ 2016-05-20T12:01:31+08:00 ] 127.0.0.1 /deshang/trunk/index.php?g=&m=page&a=investment_list&page=4
INFO: [ app_begin ] --START--
INFO: Run Behavior\ReadHtmlCacheBehavior [ RunTime:0.001001s ]
INFO: Run Behavior\CheckLangBehavior [ RunTime:0.002000s ]
INFO: [ app_begin ] --END-- [ RunTime:0.004001s ]
NOTIC: D方法实例化没找到模型类Portal\Model\PostsModel
SQL: SHOW COLUMNS FROM `dh_posts` [ RunTime:0.0240s ]
SQL: SHOW COLUMNS FROM `dh_terms` [ RunTime:0.0220s ]
SQL: SHOW COLUMNS FROM `dh_term_relationships` [ RunTime:0.0190s ]
SQL: SELECT COUNT(*) AS tp_count FROM dh_term_relationships a INNER JOIN dh_posts b ON a.object_id = b.id  WHERE ( a.term_id = 3 and a.status=1 ) LIMIT 1   [ RunTime:0.0020s ]
SQL: SELECT * FROM dh_term_relationships a INNER JOIN dh_posts b ON a.object_id = b.id  WHERE ( a.term_id = 3 and a.status=1 ) ORDER BY a.listorder ASC,b.post_modified DESC LIMIT 0,10   [ RunTime:0.0230s ]

[ 2016-05-20T12:01:33+08:00 ] 127.0.0.1 /deshang/trunk/index.php?g=&m=page&a=investment_list&page=5
INFO: [ app_begin ] --START--
INFO: Run Behavior\ReadHtmlCacheBehavior [ RunTime:0.001000s ]
INFO: Run Behavior\CheckLangBehavior [ RunTime:0.002001s ]
INFO: [ app_begin ] --END-- [ RunTime:0.003001s ]
NOTIC: D方法实例化没找到模型类Portal\Model\PostsModel
SQL: SHOW COLUMNS FROM `dh_posts` [ RunTime:0.0200s ]
SQL: SHOW COLUMNS FROM `dh_terms` [ RunTime:0.0250s ]
SQL: SHOW COLUMNS FROM `dh_term_relationships` [ RunTime:0.0200s ]
SQL: SELECT COUNT(*) AS tp_count FROM dh_term_relationships a INNER JOIN dh_posts b ON a.object_id = b.id  WHERE ( a.term_id = 3 and a.status=1 ) LIMIT 1   [ RunTime:0.0010s ]
SQL: SELECT * FROM dh_term_relationships a INNER JOIN dh_posts b ON a.object_id = b.id  WHERE ( a.term_id = 3 and a.status=1 ) ORDER BY a.listorder ASC,b.post_modified DESC LIMIT 0,10   [ RunTime:0.0200s ]

[ 2016-05-20T12:05:19+08:00 ] 127.0.0.1 /deshang/trunk/index.php?g=&m=page&a=investment_list&page=6
INFO: [ app_begin ] --START--
INFO: Run Behavior\ReadHtmlCacheBehavior [ RunTime:0.000000s ]
INFO: Run Behavior\CheckLangBehavior [ RunTime:0.001000s ]
INFO: [ app_begin ] --END-- [ RunTime:0.003000s ]
NOTIC: D方法实例化没找到模型类Portal\Model\PostsModel
SQL: SHOW COLUMNS FROM `dh_posts` [ RunTime:0.0290s ]
SQL: SHOW COLUMNS FROM `dh_terms` [ RunTime:0.0250s ]
SQL: SHOW COLUMNS FROM `dh_term_relationships` [ RunTime:0.0220s ]
SQL: SELECT COUNT(*) AS tp_count FROM dh_term_relationships a INNER JOIN dh_posts b ON a.object_id = b.id  WHERE ( a.term_id = 3 and a.status=1 ) LIMIT 1   [ RunTime:0.0020s ]
SQL: SELECT * FROM dh_term_relationships a INNER JOIN dh_posts b ON a.object_id = b.id  WHERE ( a.term_id = 3 and a.status=1 ) ORDER BY a.listorder ASC,b.post_modified DESC LIMIT 0,10   [ RunTime:0.0220s ]

[ 2016-05-20T12:05:21+08:00 ] 127.0.0.1 /deshang/trunk/index.php?g=&m=page&a=investment_list&page=7
INFO: [ app_begin ] --START--
INFO: Run Behavior\ReadHtmlCacheBehavior [ RunTime:0.001000s ]
INFO: Run Behavior\CheckLangBehavior [ RunTime:0.002000s ]
INFO: [ app_begin ] --END-- [ RunTime:0.003000s ]
NOTIC: D方法实例化没找到模型类Portal\Model\PostsModel
SQL: SHOW COLUMNS FROM `dh_posts` [ RunTime:0.0220s ]
SQL: SHOW COLUMNS FROM `dh_terms` [ RunTime:0.0220s ]
SQL: SHOW COLUMNS FROM `dh_term_relationships` [ RunTime:0.0190s ]
SQL: SELECT COUNT(*) AS tp_count FROM dh_term_relationships a INNER JOIN dh_posts b ON a.object_id = b.id  WHERE ( a.term_id = 3 and a.status=1 ) LIMIT 1   [ RunTime:0.0010s ]
SQL: SELECT * FROM dh_term_relationships a INNER JOIN dh_posts b ON a.object_id = b.id  WHERE ( a.term_id = 3 and a.status=1 ) ORDER BY a.listorder ASC,b.post_modified DESC LIMIT 0,10   [ RunTime:0.0220s ]

[ 2016-05-20T14:09:26+08:00 ] 127.0.0.1 /deshang/trunk/index.php?g=&m=page&a=investment_list&page=1
INFO: [ app_begin ] --START--
INFO: Run Behavior\ReadHtmlCacheBehavior [ RunTime:0.003000s ]
INFO: Run Behavior\CheckLangBehavior [ RunTime:0.005001s ]
INFO: [ app_begin ] --END-- [ RunTime:0.009001s ]
NOTIC: D方法实例化没找到模型类Portal\Model\PostsModel
SQL: SHOW COLUMNS FROM `dh_posts` [ RunTime:0.0290s ]
SQL: SHOW COLUMNS FROM `dh_terms` [ RunTime:0.0240s ]
SQL: SHOW COLUMNS FROM `dh_term_relationships` [ RunTime:0.0240s ]
SQL: SELECT COUNT(*) AS tp_count FROM dh_term_relationships a INNER JOIN dh_posts b ON a.object_id = b.id  WHERE ( a.term_id = 3 and a.status=1 ) LIMIT 1   [ RunTime:0.0020s ]
SQL: SELECT * FROM dh_term_relationships a INNER JOIN dh_posts b ON a.object_id = b.id  WHERE ( a.term_id = 3 and a.status=1 ) ORDER BY a.listorder ASC,b.post_modified DESC LIMIT 0,10   [ RunTime:0.0260s ]

[ 2016-05-20T14:29:15+08:00 ] 127.0.0.1 /deshang/trunk/index.php?g=&m=article&a=index
ERR: 模板不存在:themes/simplebootx/Portal/Article/index.html

[ 2016-05-20T15:48:16+08:00 ] 127.0.0.1 /deshang/trunk/index.php?g=&m=page&a=investment_list&page=1
INFO: [ app_begin ] --START--
INFO: Run Behavior\ReadHtmlCacheBehavior [ RunTime:0.002000s ]
INFO: Run Behavior\CheckLangBehavior [ RunTime:0.002000s ]
INFO: [ app_begin ] --END-- [ RunTime:0.004000s ]
NOTIC: D方法实例化没找到模型类Portal\Model\PostsModel
SQL: SHOW COLUMNS FROM `dh_posts` [ RunTime:0.0200s ]
SQL: SHOW COLUMNS FROM `dh_terms` [ RunTime:0.0220s ]
SQL: SHOW COLUMNS FROM `dh_term_relationships` [ RunTime:0.0210s ]
SQL: SELECT COUNT(*) AS tp_count FROM dh_term_relationships a INNER JOIN dh_posts b ON a.object_id = b.id  WHERE ( a.term_id = 3 and a.status=1 ) LIMIT 1   [ RunTime:0.0020s ]
SQL: SELECT * FROM dh_term_relationships a INNER JOIN dh_posts b ON a.object_id = b.id  WHERE ( a.term_id = 3 and a.status=1 ) ORDER BY a.listorder ASC,b.post_modified DESC LIMIT 0,10   [ RunTime:0.0210s ]

[ 2016-05-20T15:53:44+08:00 ] 127.0.0.1 /deshang/trunk/index.php?g=&m=page&a=investment_list&page=1
INFO: [ app_begin ] --START--
INFO: Run Behavior\ReadHtmlCacheBehavior [ RunTime:0.000500s ]
INFO: Run Behavior\CheckLangBehavior [ RunTime:0.002500s ]
INFO: [ app_begin ] --END-- [ RunTime:0.004001s ]
NOTIC: D方法实例化没找到模型类Portal\Model\PostsModel
SQL: SHOW COLUMNS FROM `dh_posts` [ RunTime:0.0210s ]
SQL: SHOW COLUMNS FROM `dh_terms` [ RunTime:0.0210s ]
SQL: SHOW COLUMNS FROM `dh_term_relationships` [ RunTime:0.0250s ]
SQL: SELECT COUNT(*) AS tp_count FROM dh_term_relationships a INNER JOIN dh_posts b ON a.object_id = b.id  WHERE ( a.term_id = 3 and a.status=1 ) LIMIT 1   [ RunTime:0.0020s ]
SQL: SELECT * FROM dh_term_relationships a INNER JOIN dh_posts b ON a.object_id = b.id  WHERE ( a.term_id = 3 and a.status=1 ) ORDER BY a.listorder ASC,b.post_modified DESC LIMIT 0,10   [ RunTime:0.0260s ]

[ 2016-05-20T16:05:44+08:00 ] 10.2.21.126 /deshang/trunk/index.php?g=&m=page&a=investment_list&page=1
INFO: [ app_begin ] --START--
INFO: Run Behavior\ReadHtmlCacheBehavior [ RunTime:0.002000s ]
INFO: Run Behavior\CheckLangBehavior [ RunTime:0.001000s ]
INFO: [ app_begin ] --END-- [ RunTime:0.003000s ]
NOTIC: D方法实例化没找到模型类Portal\Model\PostsModel
SQL: SHOW COLUMNS FROM `dh_posts` [ RunTime:0.0180s ]
SQL: SHOW COLUMNS FROM `dh_terms` [ RunTime:0.0200s ]
SQL: SHOW COLUMNS FROM `dh_term_relationships` [ RunTime:0.0180s ]
SQL: SELECT COUNT(*) AS tp_count FROM dh_term_relationships a INNER JOIN dh_posts b ON a.object_id = b.id  WHERE ( a.term_id = 3 and a.status=1 ) LIMIT 1   [ RunTime:0.0020s ]
SQL: SELECT * FROM dh_term_relationships a INNER JOIN dh_posts b ON a.object_id = b.id  WHERE ( a.term_id = 3 and a.status=1 ) ORDER BY a.listorder ASC,b.post_modified DESC LIMIT 0,10   [ RunTime:0.0200s ]

[ 2016-05-20T16:05:50+08:00 ] 10.2.21.126 /deshang/trunk/index.php?g=&m=page&a=investment_list&page=2
INFO: [ app_begin ] --START--
INFO: Run Behavior\ReadHtmlCacheBehavior [ RunTime:0.001000s ]
INFO: Run Behavior\CheckLangBehavior [ RunTime:0.001000s ]
INFO: [ app_begin ] --END-- [ RunTime:0.002000s ]
NOTIC: D方法实例化没找到模型类Portal\Model\PostsModel
SQL: SHOW COLUMNS FROM `dh_posts` [ RunTime:0.0150s ]
SQL: SHOW COLUMNS FROM `dh_terms` [ RunTime:0.0130s ]
SQL: SHOW COLUMNS FROM `dh_term_relationships` [ RunTime:0.0140s ]
SQL: SELECT COUNT(*) AS tp_count FROM dh_term_relationships a INNER JOIN dh_posts b ON a.object_id = b.id  WHERE ( a.term_id = 3 and a.status=1 ) LIMIT 1   [ RunTime:0.0010s ]
SQL: SELECT * FROM dh_term_relationships a INNER JOIN dh_posts b ON a.object_id = b.id  WHERE ( a.term_id = 3 and a.status=1 ) ORDER BY a.listorder ASC,b.post_modified DESC LIMIT 0,10   [ RunTime:0.0150s ]

[ 2016-05-20T16:06:46+08:00 ] 10.2.21.126 /deshang/trunk/index.php?g=&m=page&a=investment_list&page=1
INFO: [ app_begin ] --START--
INFO: Run Behavior\ReadHtmlCacheBehavior [ RunTime:0.001000s ]
INFO: Run Behavior\CheckLangBehavior [ RunTime:0.003000s ]
INFO: [ app_begin ] --END-- [ RunTime:0.005000s ]
NOTIC: D方法实例化没找到模型类Portal\Model\PostsModel
SQL: SHOW COLUMNS FROM `dh_posts` [ RunTime:0.0200s ]
SQL: SHOW COLUMNS FROM `dh_terms` [ RunTime:0.0220s ]
SQL: SHOW COLUMNS FROM `dh_term_relationships` [ RunTime:0.0220s ]
SQL: SELECT COUNT(*) AS tp_count FROM dh_term_relationships a INNER JOIN dh_posts b ON a.object_id = b.id  WHERE ( a.term_id = 3 and a.status=1 ) LIMIT 1   [ RunTime:0.0020s ]
SQL: SELECT * FROM dh_term_relationships a INNER JOIN dh_posts b ON a.object_id = b.id  WHERE ( a.term_id = 3 and a.status=1 ) ORDER BY a.listorder ASC,b.post_modified DESC LIMIT 0,10   [ RunTime:0.0240s ]

[ 2016-05-20T17:04:37+08:00 ] 127.0.0.1 /deshang/trunk/index.php?g=Portal&m=AdminPost&a=index&menuid=7
NOTIC: D方法实例化没找到模型类Portal\Model\PostsModel

[ 2016-05-20T17:05:30+08:00 ] 127.0.0.1 /deshang/trunk/index.php?g=&m=AdminPost&a=index
NOTIC: D方法实例化没找到模型类Portal\Model\PostsModel

[ 2016-05-20T17:07:17+08:00 ] 127.0.0.1 /deshang/trunk/index.php?g=&m=AdminPost&a=edit&term=&id=1
NOTIC: D方法实例化没找到模型类Portal\Model\PostsModel

[ 2016-05-20T17:09:51+08:00 ] 127.0.0.1 /deshang/trunk/index.php?g=&m=AdminPost&a=edit_post
INFO: [ app_begin ] --START--
INFO: Run Behavior\ReadHtmlCacheBehavior [ RunTime:0.002000s ]
INFO: Run Behavior\CheckLangBehavior [ RunTime:0.004000s ]
INFO: [ app_begin ] --END-- [ RunTime:0.006000s ]
SQL: SHOW COLUMNS FROM `dh_users` [ RunTime:0.0230s ]
SQL: SELECT * FROM `dh_users` WHERE ( id=1 ) LIMIT 1   [ RunTime:0.0020s ]
NOTIC: D方法实例化没找到模型类Portal\Model\PostsModel
SQL: SHOW COLUMNS FROM `dh_posts` [ RunTime:0.0250s ]
SQL: SHOW COLUMNS FROM `dh_terms` [ RunTime:0.0190s ]
SQL: SHOW COLUMNS FROM `dh_term_relationships` [ RunTime:0.0150s ]
SQL: DELETE FROM `dh_term_relationships` WHERE `object_id` = 1 AND `term_id` NOT IN ('2') [ RunTime:0.0010s ]
SQL: SELECT COUNT(*) AS tp_count FROM `dh_term_relationships` WHERE `object_id` = 1 AND `term_id` = '2' LIMIT 1   [ RunTime:0.0010s ]
SQL: INSERT INTO `dh_term_relationships` (`term_id`,`object_id`) VALUES ('2','1') [ RunTime:0.0010s ]
SQL: UPDATE `dh_posts` SET `post_title`='测试1',`post_keywords`='123',`post_source`='',`post_excerpt`='大的撒大大',`post_modified`='2016-04-11 19:52:09',`post_status`='1',`istop`='0',`recommended`='0',`post_content`='<p>的撒的撒打算</p>',`smeta`='{\"thumb\":\"\",\"photo\":[{\"url\":\"20160520\\/573ed45aa00e1.jpg\",\"alt\":\"\\u5317\\u4eac\\u91d1\\u957f\\u5ddd\"}]}' WHERE `id` = '1' [ RunTime:0.0010s ]

[ 2016-05-20T17:09:54+08:00 ] 127.0.0.1 /deshang/trunk/index.php?g=&m=AdminPost&a=index
NOTIC: D方法实例化没找到模型类Portal\Model\PostsModel

[ 2016-05-20T17:11:19+08:00 ] 127.0.0.1 /deshang/trunk/index.php?g=&m=page&a=investment_list&page=1
INFO: [ app_begin ] --START--
INFO: Run Behavior\ReadHtmlCacheBehavior [ RunTime:0.000500s ]
INFO: Run Behavior\CheckLangBehavior [ RunTime:0.002500s ]
INFO: [ app_begin ] --END-- [ RunTime:0.003500s ]
NOTIC: D方法实例化没找到模型类Portal\Model\PostsModel
SQL: SHOW COLUMNS FROM `dh_posts` [ RunTime:0.0225s ]
SQL: SHOW COLUMNS FROM `dh_terms` [ RunTime:0.0205s ]
SQL: SHOW COLUMNS FROM `dh_term_relationships` [ RunTime:0.0210s ]
SQL: SELECT COUNT(*) AS tp_count FROM dh_term_relationships a INNER JOIN dh_posts b ON a.object_id = b.id  WHERE ( a.term_id = 3 and a.status=1 ) LIMIT 1   [ RunTime:0.0050s ]
SQL: SELECT * FROM dh_term_relationships a INNER JOIN dh_posts b ON a.object_id = b.id  WHERE ( a.term_id = 3 and a.status=1 ) ORDER BY a.listorder ASC,b.post_modified DESC LIMIT 0,10   [ RunTime:0.0210s ]

[ 2016-05-20T17:11:37+08:00 ] 127.0.0.1 /deshang/trunk/index.php?g=&m=AdminPost&a=edit&term=&id=9
NOTIC: D方法实例化没找到模型类Portal\Model\PostsModel

[ 2016-05-20T17:12:32+08:00 ] 127.0.0.1 /deshang/trunk/index.php?g=&m=AdminPost&a=edit_post
INFO: [ app_begin ] --START--
INFO: Run Behavior\ReadHtmlCacheBehavior [ RunTime:0.002000s ]
INFO: Run Behavior\CheckLangBehavior [ RunTime:0.005000s ]
INFO: [ app_begin ] --END-- [ RunTime:0.008000s ]
SQL: SHOW COLUMNS FROM `dh_users` [ RunTime:0.0200s ]
SQL: SELECT * FROM `dh_users` WHERE ( id=1 ) LIMIT 1   [ RunTime:0.0020s ]
NOTIC: D方法实例化没找到模型类Portal\Model\PostsModel
SQL: SHOW COLUMNS FROM `dh_posts` [ RunTime:0.0230s ]
SQL: SHOW COLUMNS FROM `dh_terms` [ RunTime:0.0210s ]
SQL: SHOW COLUMNS FROM `dh_term_relationships` [ RunTime:0.0245s ]
SQL: DELETE FROM `dh_term_relationships` WHERE `object_id` = 9 AND `term_id` NOT IN ('3') [ RunTime:0.0025s ]
SQL: SELECT COUNT(*) AS tp_count FROM `dh_term_relationships` WHERE `object_id` = 9 AND `term_id` = '3' LIMIT 1   [ RunTime:0.0015s ]
SQL: UPDATE `dh_term_relationships` SET `status`='1' WHERE `object_id` = 9 AND `term_id` = '3' [ RunTime:0.0015s ]
SQL: UPDATE `dh_posts` SET `post_title`='www.qq.com',`post_keywords`='',`post_source`='',`post_excerpt`='xsxxsx',`post_modified`='2000-01-01 00:00:00',`post_status`='1',`istop`='0',`recommended`='0',`post_content`='<p>fdhgfhfghfgghfd</p>',`smeta`='{\"thumb\":\"20160520\\/573ed4ef1bfe0.jpg\"}' WHERE `id` = '9' [ RunTime:0.0015s ]

[ 2016-05-20T17:12:34+08:00 ] 127.0.0.1 /deshang/trunk/index.php?g=&m=AdminPost&a=index
NOTIC: D方法实例化没找到模型类Portal\Model\PostsModel

[ 2016-05-20T17:12:44+08:00 ] 127.0.0.1 /deshang/trunk/index.php?g=&m=page&a=investment_list&page=1
INFO: [ app_begin ] --START--
INFO: Run Behavior\ReadHtmlCacheBehavior [ RunTime:0.001000s ]
INFO: Run Behavior\CheckLangBehavior [ RunTime:0.002000s ]
INFO: [ app_begin ] --END-- [ RunTime:0.004000s ]
NOTIC: D方法实例化没找到模型类Portal\Model\PostsModel
SQL: SHOW COLUMNS FROM `dh_posts` [ RunTime:0.0180s ]
SQL: SHOW COLUMNS FROM `dh_terms` [ RunTime:0.0200s ]
SQL: SHOW COLUMNS FROM `dh_term_relationships` [ RunTime:0.0290s ]
SQL: SELECT COUNT(*) AS tp_count FROM dh_term_relationships a INNER JOIN dh_posts b ON a.object_id = b.id  WHERE ( a.term_id = 3 and a.status=1 ) LIMIT 1   [ RunTime:0.0010s ]
SQL: SELECT * FROM dh_term_relationships a INNER JOIN dh_posts b ON a.object_id = b.id  WHERE ( a.term_id = 3 and a.status=1 ) ORDER BY a.listorder ASC,b.post_modified DESC LIMIT 0,10   [ RunTime:0.0230s ]

[ 2016-05-20T17:16:11+08:00 ] 127.0.0.1 /deshang/trunk/index.php?g=&m=AdminPost&a=edit&term=&id=1
NOTIC: D方法实例化没找到模型类Portal\Model\PostsModel

[ 2016-05-20T17:16:44+08:00 ] 127.0.0.1 /deshang/trunk/index.php?g=&m=AdminPost&a=edit_post
INFO: [ app_begin ] --START--
INFO: Run Behavior\ReadHtmlCacheBehavior [ RunTime:0.002000s ]
INFO: Run Behavior\CheckLangBehavior [ RunTime:0.003001s ]
INFO: [ app_begin ] --END-- [ RunTime:0.005001s ]
SQL: SHOW COLUMNS FROM `dh_users` [ RunTime:0.0180s ]
SQL: SELECT * FROM `dh_users` WHERE ( id=1 ) LIMIT 1   [ RunTime:0.0020s ]
NOTIC: D方法实例化没找到模型类Portal\Model\PostsModel
SQL: SHOW COLUMNS FROM `dh_posts` [ RunTime:0.0190s ]
SQL: SHOW COLUMNS FROM `dh_terms` [ RunTime:0.0190s ]
SQL: SHOW COLUMNS FROM `dh_term_relationships` [ RunTime:0.0140s ]
SQL: DELETE FROM `dh_term_relationships` WHERE `object_id` = 1 AND `term_id` NOT IN ('2') [ RunTime:0.0020s ]
SQL: SELECT COUNT(*) AS tp_count FROM `dh_term_relationships` WHERE `object_id` = 1 AND `term_id` = '2' LIMIT 1   [ RunTime:0.0010s ]
SQL: UPDATE `dh_term_relationships` SET `status`='1' WHERE `object_id` = 1 AND `term_id` = '2' [ RunTime:0.0010s ]
SQL: UPDATE `dh_posts` SET `post_title`='测试1',`post_keywords`='123',`post_source`='',`post_excerpt`='大的撒大大',`post_modified`='2016-04-11 19:52:09',`post_status`='1',`istop`='0',`recommended`='0',`post_content`='<p>的撒的撒打算</p>',`smeta`='{\"thumb\":\"20160520\\/573ed5e9cae6d.jpg\",\"photo\":[{\"url\":\"20160520\\/573ed45aa00e1.jpg\",\"alt\":\"\\u5317\\u4eac\\u91d1\\u957f\\u5ddd\"}]}' WHERE `id` = '1' [ RunTime:0.0020s ]

[ 2016-05-20T17:16:50+08:00 ] 127.0.0.1 /deshang/trunk/index.php?g=&m=AdminPost&a=index
NOTIC: D方法实例化没找到模型类Portal\Model\PostsModel

