[ 2016-04-22T14:34:34+08:00 ] 127.0.0.1 /deshang/trunk/index.php?g=Admin&m=public&a=dologin
INFO: [ app_begin ] --START--
INFO: Run Behavior\ReadHtmlCacheBehavior [ RunTime:0.001000s ]
INFO: Run Behavior\CheckLangBehavior [ RunTime:0.003000s ]
INFO: [ app_begin ] --END-- [ RunTime:0.004000s ]

[ 2016-04-22T14:34:45+08:00 ] 127.0.0.1 /deshang/trunk/index.php?g=Admin&m=public&a=dologin
INFO: [ app_begin ] --START--
INFO: Run Behavior\ReadHtmlCacheBehavior [ RunTime:0.001000s ]
INFO: Run Behavior\CheckLangBehavior [ RunTime:0.002001s ]
INFO: [ app_begin ] --END-- [ RunTime:0.004001s ]

[ 2016-04-22T14:34:52+08:00 ] 127.0.0.1 /deshang/trunk/index.php?g=Admin&m=public&a=dologin
INFO: [ app_begin ] --START--
INFO: Run Behavior\ReadHtmlCacheBehavior [ RunTime:0.001000s ]
INFO: Run Behavior\CheckLangBehavior [ RunTime:0.003001s ]
INFO: [ app_begin ] --END-- [ RunTime:0.005001s ]
SQL: SHOW COLUMNS FROM `dh_users` [ RunTime:0.0080s ]
SQL: SELECT * FROM `dh_users` WHERE `user_login` = 'admin' LIMIT 1   [ RunTime:0.0460s ]
SQL: SHOW COLUMNS FROM `dh_role_user` [ RunTime:0.0120s ]
SQL: SELECT `role_id` FROM dh_role_user a INNER JOIN dh_role as b on a.role_id =b.id  WHERE `user_id` = '1' AND `status` = 1  [ RunTime:0.0350s ]
SQL: UPDATE `dh_users` SET `user_login`='admin',`user_pass`='###1631a822020da3ae168a90f3000a57a4',`user_nicename`='admin',`user_email`='dsds@dsds.com',`user_url`='',`avatar`=NULL,`sex`='0',`birthday`=NULL,`signature`=NULL,`last_login_ip`='127.0.0.1',`last_login_time`='2016-04-22 14:34:52',`create_time`='2016-03-29 09:03:46',`user_activation_key`='',`user_status`='1',`score`='0',`user_type`='1',`coin`='0',`mobile`='' WHERE `id` = '1' [ RunTime:0.0290s ]

[ 2016-04-22T14:36:15+08:00 ] 127.0.0.1 /deshang/trunk/index.php?g=Admin&m=slide&a=add_post
INFO: [ app_begin ] --START--
INFO: Run Behavior\ReadHtmlCacheBehavior [ RunTime:0.001000s ]
INFO: Run Behavior\CheckLangBehavior [ RunTime:0.004000s ]
INFO: [ app_begin ] --END-- [ RunTime:0.006000s ]
SQL: SHOW COLUMNS FROM `dh_users` [ RunTime:0.0190s ]
SQL: SELECT * FROM `dh_users` WHERE ( id=1 ) LIMIT 1   [ RunTime:0.0010s ]
SQL: SHOW COLUMNS FROM `dh_slide` [ RunTime:0.0040s ]
SQL: SHOW COLUMNS FROM `dh_slide_cat` [ RunTime:0.0050s ]
NOTIC: [8] Undefined index: validate D:\xampps\htdocs\deshang\trunk\simplewind\Core\Library\Think\Model.class.php 第 1185 行.
NOTIC: [8] Undefined index: auto D:\xampps\htdocs\deshang\trunk\simplewind\Core\Library\Think\Model.class.php 第 1128 行.
SQL: INSERT INTO `dh_slide` (`slide_cid`,`slide_name`,`slide_url`,`slide_des`,`slide_content`,`slide_pic`) VALUES ('1','slide1','http://www.baidu.com','','','/deshang/trunk/data/upload/20160422/5719c65333d26.jpg') [ RunTime:0.0480s ]

[ 2016-04-22T14:36:52+08:00 ] 127.0.0.1 /deshang/trunk/index.php?g=Admin&m=slide&a=add_post
INFO: [ app_begin ] --START--
INFO: Run Behavior\ReadHtmlCacheBehavior [ RunTime:0.002000s ]
INFO: Run Behavior\CheckLangBehavior [ RunTime:0.004000s ]
INFO: [ app_begin ] --END-- [ RunTime:0.006000s ]
SQL: SHOW COLUMNS FROM `dh_users` [ RunTime:0.0040s ]
SQL: SELECT * FROM `dh_users` WHERE ( id=1 ) LIMIT 1   [ RunTime:0.0020s ]
SQL: SHOW COLUMNS FROM `dh_slide` [ RunTime:0.0050s ]
SQL: SHOW COLUMNS FROM `dh_slide_cat` [ RunTime:0.0040s ]
NOTIC: [8] Undefined index: validate D:\xampps\htdocs\deshang\trunk\simplewind\Core\Library\Think\Model.class.php 第 1185 行.
NOTIC: [8] Undefined index: auto D:\xampps\htdocs\deshang\trunk\simplewind\Core\Library\Think\Model.class.php 第 1128 行.
SQL: INSERT INTO `dh_slide` (`slide_cid`,`slide_name`,`slide_url`,`slide_des`,`slide_content`,`slide_pic`) VALUES ('1','slide2','http://www.vip.com','','','/deshang/trunk/data/upload/20160422/5719c6760e777.jpg') [ RunTime:0.0010s ]

[ 2016-04-22T14:37:30+08:00 ] 127.0.0.1 /deshang/trunk/index.php?g=Admin&m=slide&a=add_post
INFO: [ app_begin ] --START--
INFO: Run Behavior\ReadHtmlCacheBehavior [ RunTime:0.001000s ]
INFO: Run Behavior\CheckLangBehavior [ RunTime:0.004000s ]
INFO: [ app_begin ] --END-- [ RunTime:0.005000s ]
SQL: SHOW COLUMNS FROM `dh_users` [ RunTime:0.0070s ]
SQL: SELECT * FROM `dh_users` WHERE ( id=1 ) LIMIT 1   [ RunTime:0.0010s ]
SQL: SHOW COLUMNS FROM `dh_slide` [ RunTime:0.0050s ]
SQL: SHOW COLUMNS FROM `dh_slide_cat` [ RunTime:0.0070s ]
NOTIC: [8] Undefined index: validate D:\xampps\htdocs\deshang\trunk\simplewind\Core\Library\Think\Model.class.php 第 1185 行.
NOTIC: [8] Undefined index: auto D:\xampps\htdocs\deshang\trunk\simplewind\Core\Library\Think\Model.class.php 第 1128 行.
SQL: INSERT INTO `dh_slide` (`slide_cid`,`slide_name`,`slide_url`,`slide_des`,`slide_content`,`slide_pic`) VALUES ('1','slide3','http://www.jd.com','','','/deshang/trunk/data/upload/20160422/5719c69798247.jpg') [ RunTime:0.0010s ]

