[ 2016-06-21T09:20:36+08:00 ] 127.0.0.1 /deshang/trunk/index.php?g=user&m=index&a=is_login
INFO: [ app_begin ] --START--
INFO: Run Behavior\ReadHtmlCacheBehavior [ RunTime:0.003000s ]
INFO: Run Behavior\CheckLangBehavior [ RunTime:0.003000s ]
INFO: [ app_begin ] --END-- [ RunTime:0.007000s ]
NOTIC: [8] Undefined index: url D:\xampps\htdocs\deshang\trunk\application\Common\Controller\AppframeController.class.php 第 24 行.

[ 2016-06-21T15:19:43+08:00 ] 127.0.0.1 /deshang/trunk/index.php?g=user&m=index&a=is_login
INFO: [ app_begin ] --START--
INFO: Run Behavior\ReadHtmlCacheBehavior [ RunTime:0.001000s ]
INFO: Run Behavior\CheckLangBehavior [ RunTime:0.002000s ]
INFO: [ app_begin ] --END-- [ RunTime:0.003000s ]
NOTIC: [8] Undefined index: url D:\xampps\htdocs\deshang\trunk\application\Common\Controller\AppframeController.class.php 第 24 行.

[ 2016-06-21T15:22:58+08:00 ] 127.0.0.1 /deshang/trunk/index.php?g=user&m=index&a=is_login
INFO: [ app_begin ] --START--
INFO: Run Behavior\ReadHtmlCacheBehavior [ RunTime:0.001000s ]
INFO: Run Behavior\CheckLangBehavior [ RunTime:0.003000s ]
INFO: [ app_begin ] --END-- [ RunTime:0.005000s ]
NOTIC: [8] Undefined index: url D:\xampps\htdocs\deshang\trunk\application\Common\Controller\AppframeController.class.php 第 24 行.

[ 2016-06-21T15:23:10+08:00 ] 127.0.0.1 /deshang/trunk/index.php?g=user&m=index&a=is_login
INFO: [ app_begin ] --START--
INFO: Run Behavior\ReadHtmlCacheBehavior [ RunTime:0.001000s ]
INFO: Run Behavior\CheckLangBehavior [ RunTime:0.002000s ]
INFO: [ app_begin ] --END-- [ RunTime:0.004000s ]
NOTIC: [8] Undefined index: url D:\xampps\htdocs\deshang\trunk\application\Common\Controller\AppframeController.class.php 第 24 行.

[ 2016-06-21T15:24:51+08:00 ] 127.0.0.1 /deshang/trunk/index.php?g=user&m=index&a=is_login
INFO: [ app_begin ] --START--
INFO: Run Behavior\ReadHtmlCacheBehavior [ RunTime:0.000000s ]
INFO: Run Behavior\CheckLangBehavior [ RunTime:0.002000s ]
INFO: [ app_begin ] --END-- [ RunTime:0.003000s ]
NOTIC: [8] Undefined index: url D:\xampps\htdocs\deshang\trunk\application\Common\Controller\AppframeController.class.php 第 24 行.

[ 2016-06-21T15:24:54+08:00 ] 127.0.0.1 /deshang/trunk/index.php?g=user&m=index&a=is_login
INFO: [ app_begin ] --START--
INFO: Run Behavior\ReadHtmlCacheBehavior [ RunTime:0.000000s ]
INFO: Run Behavior\CheckLangBehavior [ RunTime:0.002000s ]
INFO: [ app_begin ] --END-- [ RunTime:0.003000s ]
NOTIC: [8] Undefined index: url D:\xampps\htdocs\deshang\trunk\application\Common\Controller\AppframeController.class.php 第 24 行.

[ 2016-06-21T15:25:29+08:00 ] 127.0.0.1 /deshang/trunk/index.php?g=user&m=index&a=is_login
INFO: [ app_begin ] --START--
INFO: Run Behavior\ReadHtmlCacheBehavior [ RunTime:0.001000s ]
INFO: Run Behavior\CheckLangBehavior [ RunTime:0.003000s ]
INFO: [ app_begin ] --END-- [ RunTime:0.005000s ]
NOTIC: [8] Undefined index: url D:\xampps\htdocs\deshang\trunk\application\Common\Controller\AppframeController.class.php 第 24 行.

