[ 2016-04-22T14:30:34+08:00 ] 127.0.0.1 /deshang/trunk/index.php?g=user&m=index&a=is_login
INFO: [ app_begin ] --START--
INFO: Run Behavior\ReadHtmlCacheBehavior [ RunTime:0.000000s ]
INFO: Run Behavior\CheckLangBehavior [ RunTime:0.014000s ]
INFO: [ app_begin ] --END-- [ RunTime:0.015000s ]
NOTIC: [8] Undefined index: url D:\xampps\htdocs\deshang\trunk\application\Common\Controller\AppframeController.class.php 第 24 行.

[ 2016-04-22T14:34:14+08:00 ] 127.0.0.1 /deshang/trunk/index.php?g=user&m=index&a=is_login
INFO: [ app_begin ] --START--
INFO: Run Behavior\ReadHtmlCacheBehavior [ RunTime:0.001000s ]
INFO: Run Behavior\CheckLangBehavior [ RunTime:0.002000s ]
INFO: [ app_begin ] --END-- [ RunTime:0.005000s ]
NOTIC: [8] Undefined index: url D:\xampps\htdocs\deshang\trunk\application\Common\Controller\AppframeController.class.php 第 24 行.

[ 2016-04-22T14:37:40+08:00 ] 127.0.0.1 /deshang/trunk/index.php?g=user&m=index&a=is_login
INFO: [ app_begin ] --START--
INFO: Run Behavior\ReadHtmlCacheBehavior [ RunTime:0.003000s ]
INFO: Run Behavior\CheckLangBehavior [ RunTime:0.005000s ]
INFO: [ app_begin ] --END-- [ RunTime:0.009000s ]
NOTIC: [8] Undefined index: url D:\xampps\htdocs\deshang\trunk\application\Common\Controller\AppframeController.class.php 第 24 行.

[ 2016-04-22T15:08:02+08:00 ] 10.2.13.136 /deshang/trunk/index.php?g=user&m=index&a=is_login
INFO: [ app_begin ] --START--
INFO: Run Behavior\ReadHtmlCacheBehavior [ RunTime:0.004000s ]
INFO: Run Behavior\CheckLangBehavior [ RunTime:0.003001s ]
INFO: [ app_begin ] --END-- [ RunTime:0.007001s ]
NOTIC: [8] Undefined index: url D:\xampps\htdocs\deshang\trunk\application\Common\Controller\AppframeController.class.php 第 24 行.

[ 2016-04-22T15:08:34+08:00 ] 10.2.21.126 /deshang/trunk/index.php?g=user&m=index&a=is_login
INFO: [ app_begin ] --START--
INFO: Run Behavior\ReadHtmlCacheBehavior [ RunTime:0.001001s ]
INFO: Run Behavior\CheckLangBehavior [ RunTime:0.001000s ]
INFO: [ app_begin ] --END-- [ RunTime:0.003001s ]
NOTIC: [8] Undefined index: url D:\xampps\htdocs\deshang\trunk\application\Common\Controller\AppframeController.class.php 第 24 行.

[ 2016-04-22T15:11:45+08:00 ] 10.2.21.126 /deshang/trunk/index.php?g=user&m=index&a=is_login
INFO: [ app_begin ] --START--
INFO: Run Behavior\ReadHtmlCacheBehavior [ RunTime:0.001000s ]
INFO: Run Behavior\CheckLangBehavior [ RunTime:0.004000s ]
INFO: [ app_begin ] --END-- [ RunTime:0.006000s ]
NOTIC: [8] Undefined index: url D:\xampps\htdocs\deshang\trunk\application\Common\Controller\AppframeController.class.php 第 24 行.

[ 2016-04-22T15:21:26+08:00 ] 10.2.21.126 /deshang/trunk/index.php?g=user&m=index&a=is_login
INFO: [ app_begin ] --START--
INFO: Run Behavior\ReadHtmlCacheBehavior [ RunTime:0.001000s ]
INFO: Run Behavior\CheckLangBehavior [ RunTime:0.003000s ]
INFO: [ app_begin ] --END-- [ RunTime:0.004000s ]
NOTIC: [8] Undefined index: url D:\xampps\htdocs\deshang\trunk\application\Common\Controller\AppframeController.class.php 第 24 行.

[ 2016-04-22T15:22:42+08:00 ] 10.2.21.126 /deshang/trunk/index.php?g=user&m=index&a=is_login
INFO: [ app_begin ] --START--
INFO: Run Behavior\ReadHtmlCacheBehavior [ RunTime:0.001000s ]
INFO: Run Behavior\CheckLangBehavior [ RunTime:0.002000s ]
INFO: [ app_begin ] --END-- [ RunTime:0.003000s ]
NOTIC: [8] Undefined index: url D:\xampps\htdocs\deshang\trunk\application\Common\Controller\AppframeController.class.php 第 24 行.

[ 2016-04-22T15:23:59+08:00 ] 10.2.13.136 /deshang/trunk/index.php?g=user&m=index&a=is_login
INFO: [ app_begin ] --START--
INFO: Run Behavior\ReadHtmlCacheBehavior [ RunTime:0.002000s ]
INFO: Run Behavior\CheckLangBehavior [ RunTime:0.003001s ]
INFO: [ app_begin ] --END-- [ RunTime:0.007001s ]
NOTIC: [8] Undefined index: url D:\xampps\htdocs\deshang\trunk\application\Common\Controller\AppframeController.class.php 第 24 行.

[ 2016-04-22T15:26:20+08:00 ] 10.2.13.136 /deshang/trunk/index.php?g=user&m=index&a=is_login
INFO: [ app_begin ] --START--
INFO: Run Behavior\ReadHtmlCacheBehavior [ RunTime:0.002000s ]
INFO: Run Behavior\CheckLangBehavior [ RunTime:0.004000s ]
INFO: [ app_begin ] --END-- [ RunTime:0.007000s ]
NOTIC: [8] Undefined index: url D:\xampps\htdocs\deshang\trunk\application\Common\Controller\AppframeController.class.php 第 24 行.

[ 2016-04-22T15:53:21+08:00 ] 10.2.13.136 /deshang/trunk/index.php?g=user&m=index&a=is_login
INFO: [ app_begin ] --START--
INFO: Run Behavior\ReadHtmlCacheBehavior [ RunTime:0.002000s ]
INFO: Run Behavior\CheckLangBehavior [ RunTime:0.002000s ]
INFO: [ app_begin ] --END-- [ RunTime:0.005000s ]
NOTIC: [8] Undefined index: url D:\xampps\htdocs\deshang\trunk\application\Common\Controller\AppframeController.class.php 第 24 行.

[ 2016-04-22T16:00:57+08:00 ] 10.2.13.136 /deshang/trunk/index.php?g=user&m=index&a=is_login
INFO: [ app_begin ] --START--
INFO: Run Behavior\ReadHtmlCacheBehavior [ RunTime:0.001000s ]
INFO: Run Behavior\CheckLangBehavior [ RunTime:0.003000s ]
INFO: [ app_begin ] --END-- [ RunTime:0.004000s ]
NOTIC: [8] Undefined index: url D:\xampps\htdocs\deshang\trunk\application\Common\Controller\AppframeController.class.php 第 24 行.

[ 2016-04-22T16:04:04+08:00 ] 10.2.13.136 /deshang/trunk/index.php?g=user&m=index&a=is_login
INFO: [ app_begin ] --START--
INFO: Run Behavior\ReadHtmlCacheBehavior [ RunTime:0.001000s ]
INFO: Run Behavior\CheckLangBehavior [ RunTime:0.002000s ]
INFO: [ app_begin ] --END-- [ RunTime:0.003000s ]
NOTIC: [8] Undefined index: url D:\xampps\htdocs\deshang\trunk\application\Common\Controller\AppframeController.class.php 第 24 行.

[ 2016-04-22T16:05:44+08:00 ] 10.2.13.136 /deshang/trunk/index.php?g=user&m=index&a=is_login
INFO: [ app_begin ] --START--
INFO: Run Behavior\ReadHtmlCacheBehavior [ RunTime:0.002000s ]
INFO: Run Behavior\CheckLangBehavior [ RunTime:0.002000s ]
INFO: [ app_begin ] --END-- [ RunTime:0.005000s ]
NOTIC: [8] Undefined index: url D:\xampps\htdocs\deshang\trunk\application\Common\Controller\AppframeController.class.php 第 24 行.

[ 2016-04-22T16:06:22+08:00 ] 10.2.13.136 /deshang/trunk/index.php?g=user&m=index&a=is_login
INFO: [ app_begin ] --START--
INFO: Run Behavior\ReadHtmlCacheBehavior [ RunTime:0.001000s ]
INFO: Run Behavior\CheckLangBehavior [ RunTime:0.002001s ]
INFO: [ app_begin ] --END-- [ RunTime:0.003001s ]
NOTIC: [8] Undefined index: url D:\xampps\htdocs\deshang\trunk\application\Common\Controller\AppframeController.class.php 第 24 行.

[ 2016-04-22T16:15:34+08:00 ] 10.2.13.136 /deshang/trunk/index.php?g=user&m=index&a=is_login
INFO: [ app_begin ] --START--
INFO: Run Behavior\ReadHtmlCacheBehavior [ RunTime:0.002000s ]
INFO: Run Behavior\CheckLangBehavior [ RunTime:0.004000s ]
INFO: [ app_begin ] --END-- [ RunTime:0.007000s ]
NOTIC: [8] Undefined index: url D:\xampps\htdocs\deshang\trunk\application\Common\Controller\AppframeController.class.php 第 24 行.

[ 2016-04-22T16:15:43+08:00 ] 10.2.13.136 /deshang/trunk/index.php?g=user&m=index&a=is_login
INFO: [ app_begin ] --START--
INFO: Run Behavior\ReadHtmlCacheBehavior [ RunTime:0.001000s ]
INFO: Run Behavior\CheckLangBehavior [ RunTime:0.003000s ]
INFO: [ app_begin ] --END-- [ RunTime:0.007000s ]
NOTIC: [8] Undefined index: url D:\xampps\htdocs\deshang\trunk\application\Common\Controller\AppframeController.class.php 第 24 行.

[ 2016-04-22T16:15:55+08:00 ] 10.2.13.136 /deshang/trunk/index.php?g=user&m=index&a=is_login
INFO: [ app_begin ] --START--
INFO: Run Behavior\ReadHtmlCacheBehavior [ RunTime:0.001000s ]
INFO: Run Behavior\CheckLangBehavior [ RunTime:0.006000s ]
INFO: [ app_begin ] --END-- [ RunTime:0.008000s ]
NOTIC: [8] Undefined index: url D:\xampps\htdocs\deshang\trunk\application\Common\Controller\AppframeController.class.php 第 24 行.

[ 2016-04-22T16:16:11+08:00 ] 10.2.13.136 /deshang/trunk/index.php?g=user&m=index&a=is_login
INFO: [ app_begin ] --START--
INFO: Run Behavior\ReadHtmlCacheBehavior [ RunTime:0.002000s ]
INFO: Run Behavior\CheckLangBehavior [ RunTime:0.003000s ]
INFO: [ app_begin ] --END-- [ RunTime:0.006000s ]
NOTIC: [8] Undefined index: url D:\xampps\htdocs\deshang\trunk\application\Common\Controller\AppframeController.class.php 第 24 行.

[ 2016-04-22T16:16:54+08:00 ] 10.2.21.126 /deshang/trunk/index.php?g=user&m=index&a=is_login
INFO: [ app_begin ] --START--
INFO: Run Behavior\ReadHtmlCacheBehavior [ RunTime:0.000000s ]
INFO: Run Behavior\CheckLangBehavior [ RunTime:0.002000s ]
INFO: [ app_begin ] --END-- [ RunTime:0.003000s ]
NOTIC: [8] Undefined index: url D:\xampps\htdocs\deshang\trunk\application\Common\Controller\AppframeController.class.php 第 24 行.

